[0410/231447.349:ERROR:process_info.cc(625)] range at 0xff6f4000, size 0x230 fully unreadable
[0410/231447.436:ERROR:process_info.cc(625)] range at 0xff6ff000, size 0xf84 fully unreadable
[0410/231447.436:ERROR:process_info.cc(625)] range at 0xff6fc000, size 0xf84 fully unreadable
[0410/231447.437:ERROR:process_info.cc(625)] range at 0xff6f9000, size 0xf84 fully unreadable
[0410/231447.437:ERROR:process_info.cc(625)] range at 0xff5cf000, size 0xf84 fully unreadable
[0410/231447.437:ERROR:process_info.cc(625)] range at 0xff5cc000, size 0xf84 fully unreadable
[0410/231447.437:ERROR:process_info.cc(625)] range at 0xff5c9000, size 0xf84 fully unreadable
[0410/231447.437:ERROR:process_info.cc(625)] range at 0xff5c6000, size 0xf84 fully unreadable
[0410/231447.437:ERROR:process_info.cc(625)] range at 0xff5c3000, size 0xf84 fully unreadable
[0410/231447.437:ERROR:process_info.cc(625)] range at 0xff5c0000, size 0xf84 fully unreadable
[0410/231447.437:ERROR:process_info.cc(625)] range at 0xff5bd000, size 0xf84 fully unreadable
[0410/231447.437:ERROR:process_info.cc(625)] range at 0xff5ba000, size 0xf84 fully unreadable
[0410/231447.437:ERROR:process_info.cc(625)] range at 0xff5b7000, size 0xf84 fully unreadable
[0410/231447.437:ERROR:process_info.cc(625)] range at 0xff5b4000, size 0xf84 fully unreadable
[0410/231447.437:ERROR:process_info.cc(625)] range at 0xff5b1000, size 0xf84 fully unreadable
[0410/231447.437:ERROR:process_info.cc(625)] range at 0xff5ae000, size 0xf84 fully unreadable
[0410/231447.437:ERROR:process_info.cc(625)] range at 0xff5ab000, size 0xf84 fully unreadable
[0410/231447.554:ERROR:process_info.cc(389)] NtQuerySystemInformation SystemExtendedHandleInformation: {Not Enough Quota} Not enough virtual memory or paging file quota is available to complete the specified operation.  (0xc0000017)
[0410/231632.890:ERROR:process_info.cc(625)] range at 0xff62f000, size 0x230 fully unreadable
[0410/231632.904:ERROR:process_info.cc(625)] range at 0xff62e000, size 0xf84 fully unreadable
[0410/231632.904:ERROR:process_info.cc(625)] range at 0xff62b000, size 0xf84 fully unreadable
[0410/231632.904:ERROR:process_info.cc(625)] range at 0xff628000, size 0xf84 fully unreadable
[0410/231632.904:ERROR:process_info.cc(625)] range at 0xff4ff000, size 0xf84 fully unreadable
[0410/231632.904:ERROR:process_info.cc(625)] range at 0xff4fc000, size 0xf84 fully unreadable
[0410/231632.904:ERROR:process_info.cc(625)] range at 0xff4f9000, size 0xf84 fully unreadable
[0410/231632.904:ERROR:process_info.cc(625)] range at 0xff4f6000, size 0xf84 fully unreadable
[0410/231632.904:ERROR:process_info.cc(625)] range at 0xff4f3000, size 0xf84 fully unreadable
[0410/231632.904:ERROR:process_info.cc(625)] range at 0xff4f0000, size 0xf84 fully unreadable
[0410/231632.904:ERROR:process_info.cc(625)] range at 0xff4ed000, size 0xf84 fully unreadable
[0410/231632.904:ERROR:process_info.cc(625)] range at 0xff4ea000, size 0xf84 fully unreadable
[0410/231632.904:ERROR:process_info.cc(625)] range at 0xff4e7000, size 0xf84 fully unreadable
[0410/231632.904:ERROR:process_info.cc(625)] range at 0xff4e4000, size 0xf84 fully unreadable
[0410/231632.904:ERROR:process_info.cc(625)] range at 0xff4e1000, size 0xf84 fully unreadable
[0410/231632.904:ERROR:process_info.cc(625)] range at 0xff4de000, size 0xf84 fully unreadable
[0410/231632.905:ERROR:process_info.cc(625)] range at 0xff4db000, size 0xf84 fully unreadable
[0410/231632.941:ERROR:process_info.cc(389)] NtQuerySystemInformation SystemExtendedHandleInformation: {Not Enough Quota} Not enough virtual memory or paging file quota is available to complete the specified operation.  (0xc0000017)
[0416/211107.965:ERROR:process_info.cc(625)] range at 0xfecff000, size 0x230 fully unreadable
[0416/211108.093:ERROR:process_info.cc(625)] range at 0xfecfe000, size 0xf84 fully unreadable
[0416/211108.093:ERROR:process_info.cc(625)] range at 0xfecfb000, size 0xf84 fully unreadable
[0416/211108.093:ERROR:process_info.cc(625)] range at 0xfecf8000, size 0xf84 fully unreadable
[0416/211108.094:ERROR:process_info.cc(625)] range at 0xfebcf000, size 0xf84 fully unreadable
[0416/211108.094:ERROR:process_info.cc(625)] range at 0xfebcc000, size 0xf84 fully unreadable
[0416/211108.094:ERROR:process_info.cc(625)] range at 0xfebc9000, size 0xf84 fully unreadable
[0416/211108.094:ERROR:process_info.cc(625)] range at 0xfebc6000, size 0xf84 fully unreadable
[0416/211108.094:ERROR:process_info.cc(625)] range at 0xfebc3000, size 0xf84 fully unreadable
[0416/211108.094:ERROR:process_info.cc(625)] range at 0xfebc0000, size 0xf84 fully unreadable
[0416/211108.094:ERROR:process_info.cc(625)] range at 0xfebbd000, size 0xf84 fully unreadable
[0416/211108.094:ERROR:process_info.cc(625)] range at 0xfebba000, size 0xf84 fully unreadable
[0416/211108.094:ERROR:process_info.cc(625)] range at 0xfebb7000, size 0xf84 fully unreadable
[0416/211108.094:ERROR:process_info.cc(625)] range at 0xfebb4000, size 0xf84 fully unreadable
[0416/211108.095:ERROR:process_info.cc(625)] range at 0xfebb1000, size 0xf84 fully unreadable
[0416/211108.095:ERROR:process_info.cc(625)] range at 0xfebae000, size 0xf84 fully unreadable
[0416/212425.609:ERROR:process_info.cc(625)] range at 0xffa3c000, size 0x230 fully unreadable
[0416/212425.641:ERROR:process_info.cc(625)] range at 0xffa3b000, size 0xf84 fully unreadable
[0416/212425.641:ERROR:process_info.cc(625)] range at 0xffa38000, size 0xf84 fully unreadable
[0416/212425.641:ERROR:process_info.cc(625)] range at 0xffa35000, size 0xf84 fully unreadable
[0416/212425.641:ERROR:process_info.cc(625)] range at 0xff90f000, size 0xf84 fully unreadable
[0416/212425.641:ERROR:process_info.cc(625)] range at 0xff90c000, size 0xf84 fully unreadable
[0416/212425.641:ERROR:process_info.cc(625)] range at 0xff909000, size 0xf84 fully unreadable
[0416/212425.641:ERROR:process_info.cc(625)] range at 0xff906000, size 0xf84 fully unreadable
[0416/212425.641:ERROR:process_info.cc(625)] range at 0xff903000, size 0xf84 fully unreadable
[0416/212425.642:ERROR:process_info.cc(625)] range at 0xff900000, size 0xf84 fully unreadable
[0416/212425.642:ERROR:process_info.cc(625)] range at 0xff8fd000, size 0xf84 fully unreadable
[0416/212425.642:ERROR:process_info.cc(625)] range at 0xff8fa000, size 0xf84 fully unreadable
[0416/212425.642:ERROR:process_info.cc(625)] range at 0xff8f7000, size 0xf84 fully unreadable
[0416/212425.642:ERROR:process_info.cc(625)] range at 0xff8f4000, size 0xf84 fully unreadable
[0416/212425.642:ERROR:process_info.cc(625)] range at 0xff8f1000, size 0xf84 fully unreadable
[0416/212425.721:ERROR:process_info.cc(389)] NtQuerySystemInformation SystemExtendedHandleInformation: {Not Enough Quota} Not enough virtual memory or paging file quota is available to complete the specified operation.  (0xc0000017)
[0416/212454.385:ERROR:process_info.cc(625)] range at 0xfefae000, size 0x230 fully unreadable
[0416/212454.400:ERROR:process_info.cc(625)] range at 0xfefad000, size 0xf84 fully unreadable
[0416/212454.400:ERROR:process_info.cc(625)] range at 0xfefaa000, size 0xf84 fully unreadable
[0416/212454.400:ERROR:process_info.cc(625)] range at 0xfefa7000, size 0xf84 fully unreadable
[0416/212454.400:ERROR:process_info.cc(625)] range at 0xfee7f000, size 0xf84 fully unreadable
[0416/212454.400:ERROR:process_info.cc(625)] range at 0xfee7c000, size 0xf84 fully unreadable
[0416/212454.400:ERROR:process_info.cc(625)] range at 0xfee79000, size 0xf84 fully unreadable
[0416/212454.400:ERROR:process_info.cc(625)] range at 0xfee76000, size 0xf84 fully unreadable
[0416/212454.400:ERROR:process_info.cc(625)] range at 0xfee73000, size 0xf84 fully unreadable
[0416/212454.400:ERROR:process_info.cc(625)] range at 0xfee70000, size 0xf84 fully unreadable
[0416/212454.400:ERROR:process_info.cc(625)] range at 0xfee6d000, size 0xf84 fully unreadable
[0416/212454.400:ERROR:process_info.cc(625)] range at 0xfee6a000, size 0xf84 fully unreadable
[0416/212454.400:ERROR:process_info.cc(625)] range at 0xfee67000, size 0xf84 fully unreadable
[0416/212454.400:ERROR:process_info.cc(625)] range at 0xfee64000, size 0xf84 fully unreadable
[0416/212454.400:ERROR:process_info.cc(625)] range at 0xfee61000, size 0xf84 fully unreadable
[0416/212454.401:ERROR:process_info.cc(625)] range at 0xfee5e000, size 0xf84 fully unreadable
[0416/212526.632:ERROR:process_info.cc(625)] range at 0xfed2a000, size 0x230 fully unreadable
[0416/212526.647:ERROR:process_info.cc(625)] range at 0xfefe3000, size 0x230 fully unreadable
[0416/212526.650:ERROR:process_info.cc(625)] range at 0xfed29000, size 0xf84 fully unreadable
[0416/212526.650:ERROR:process_info.cc(625)] range at 0xfed26000, size 0xf84 fully unreadable
[0416/212526.651:ERROR:process_info.cc(625)] range at 0xfebff000, size 0xf84 fully unreadable
[0416/212526.651:ERROR:process_info.cc(625)] range at 0xfebfc000, size 0xf84 fully unreadable
[0416/212526.651:ERROR:process_info.cc(625)] range at 0xfebf9000, size 0xf84 fully unreadable
[0416/212526.651:ERROR:process_info.cc(625)] range at 0xfebf6000, size 0xf84 fully unreadable
[0416/212526.651:ERROR:process_info.cc(625)] range at 0xfebf3000, size 0xf84 fully unreadable
[0416/212526.651:ERROR:process_info.cc(625)] range at 0xfebf0000, size 0xf84 fully unreadable
[0416/212526.651:ERROR:process_info.cc(625)] range at 0xfebed000, size 0xf84 fully unreadable
[0416/212526.651:ERROR:process_info.cc(625)] range at 0xfebea000, size 0xf84 fully unreadable
[0416/212526.651:ERROR:process_info.cc(625)] range at 0xfebe7000, size 0xf84 fully unreadable
[0416/212526.651:ERROR:process_info.cc(625)] range at 0xfebe4000, size 0xf84 fully unreadable
[0416/212526.651:ERROR:process_info.cc(625)] range at 0xfebe1000, size 0xf84 fully unreadable
[0416/212526.651:ERROR:process_info.cc(625)] range at 0xfebde000, size 0xf84 fully unreadable
[0416/212526.716:ERROR:process_info.cc(373)] UncheckedAllocate
[0416/212526.808:ERROR:process_info.cc(625)] range at 0xfefef000, size 0xf84 fully unreadable
[0416/212526.808:ERROR:process_info.cc(625)] range at 0xfefe9000, size 0xf84 fully unreadable
[0416/212526.808:ERROR:process_info.cc(625)] range at 0xfefe6000, size 0xf84 fully unreadable
[0416/212526.808:ERROR:process_info.cc(625)] range at 0xfeebc000, size 0xf84 fully unreadable
[0416/212526.808:ERROR:process_info.cc(625)] range at 0xfeeb9000, size 0xf84 fully unreadable
[0416/212526.808:ERROR:process_info.cc(625)] range at 0xfeeb6000, size 0xf84 fully unreadable
[0416/212526.809:ERROR:process_info.cc(625)] range at 0xfeebf000, size 0xf84 fully unreadable
[0416/212526.809:ERROR:process_info.cc(625)] range at 0xfeeb3000, size 0xf84 fully unreadable
[0416/212526.809:ERROR:process_info.cc(625)] range at 0xfeeb0000, size 0xf84 fully unreadable
[0416/212526.809:ERROR:process_info.cc(625)] range at 0xfeead000, size 0xf84 fully unreadable
[0416/212526.809:ERROR:process_info.cc(625)] range at 0xfeeaa000, size 0xf84 fully unreadable
[0416/212526.809:ERROR:process_info.cc(625)] range at 0xfeea7000, size 0xf84 fully unreadable
[0416/212526.809:ERROR:process_info.cc(625)] range at 0xfeea4000, size 0xf84 fully unreadable
[0416/212526.809:ERROR:process_info.cc(625)] range at 0xfeea1000, size 0xf84 fully unreadable
[0416/212526.809:ERROR:process_info.cc(625)] range at 0xfee9e000, size 0xf84 fully unreadable
[0416/212526.809:ERROR:process_info.cc(625)] range at 0xfee9b000, size 0xf84 fully unreadable
[0416/212526.809:ERROR:process_info.cc(625)] range at 0xfee98000, size 0xf84 fully unreadable
[0416/212526.809:ERROR:process_info.cc(625)] range at 0xfee95000, size 0xf84 fully unreadable
[0416/212526.809:ERROR:process_info.cc(625)] range at 0xfee92000, size 0xf84 fully unreadable
[0416/212526.809:ERROR:process_info.cc(625)] range at 0xfee8f000, size 0xf84 fully unreadable
[0416/212526.810:ERROR:process_info.cc(625)] range at 0xfee8c000, size 0xf84 fully unreadable
[0416/212526.810:ERROR:process_info.cc(625)] range at 0xfee89000, size 0xf84 fully unreadable
[0416/212526.810:ERROR:process_info.cc(625)] range at 0xfee86000, size 0xf84 fully unreadable
[0416/212526.810:ERROR:process_info.cc(625)] range at 0xfee83000, size 0xf84 fully unreadable
[0416/212526.810:ERROR:process_info.cc(625)] range at 0xfee80000, size 0xf84 fully unreadable
[0416/212526.810:ERROR:process_info.cc(625)] range at 0xfee7d000, size 0xf84 fully unreadable
[0416/212526.810:ERROR:process_info.cc(625)] range at 0xfee7a000, size 0xf84 fully unreadable
[0416/212526.810:ERROR:process_info.cc(625)] range at 0xfee77000, size 0xf84 fully unreadable
[0416/212526.810:ERROR:process_info.cc(625)] range at 0xfee74000, size 0xf84 fully unreadable
[0416/212526.810:ERROR:process_info.cc(625)] range at 0xfee71000, size 0xf84 fully unreadable
[0416/212526.810:ERROR:process_info.cc(625)] range at 0xfee6e000, size 0xf84 fully unreadable
[0416/212526.810:ERROR:process_info.cc(625)] range at 0xfee6b000, size 0xf84 fully unreadable
[0416/212526.810:ERROR:process_info.cc(625)] range at 0xfee68000, size 0xf84 fully unreadable
[0416/212526.811:ERROR:process_info.cc(625)] range at 0xfee65000, size 0xf84 fully unreadable
[0416/212526.811:ERROR:process_info.cc(625)] range at 0xfee62000, size 0xf84 fully unreadable
[0416/221502.030:ERROR:process_info.cc(625)] range at 0xfeb0f000, size 0x230 fully unreadable
[0416/221502.036:ERROR:process_info.cc(625)] range at 0xfeb0d000, size 0xf84 fully unreadable
[0416/221502.036:ERROR:process_info.cc(625)] range at 0xfeb0a000, size 0xf84 fully unreadable
[0416/221502.037:ERROR:process_info.cc(625)] range at 0xfeb07000, size 0xf84 fully unreadable
[0416/221502.037:ERROR:process_info.cc(625)] range at 0xfe9df000, size 0xf84 fully unreadable
[0416/221502.037:ERROR:process_info.cc(625)] range at 0xfe9dc000, size 0xf84 fully unreadable
[0416/221502.037:ERROR:process_info.cc(625)] range at 0xfe9d9000, size 0xf84 fully unreadable
[0416/221502.037:ERROR:process_info.cc(625)] range at 0xfe9d6000, size 0xf84 fully unreadable
[0416/221502.037:ERROR:process_info.cc(625)] range at 0xfe9d3000, size 0xf84 fully unreadable
[0416/221502.037:ERROR:process_info.cc(625)] range at 0xfe9d0000, size 0xf84 fully unreadable
[0416/221502.037:ERROR:process_info.cc(625)] range at 0xfe9cd000, size 0xf84 fully unreadable
[0416/221502.037:ERROR:process_info.cc(625)] range at 0xfe9ca000, size 0xf84 fully unreadable
[0416/221502.037:ERROR:process_info.cc(625)] range at 0xfe9c7000, size 0xf84 fully unreadable
[0416/221502.037:ERROR:process_info.cc(625)] range at 0xfe9c4000, size 0xf84 fully unreadable
[0416/221502.037:ERROR:process_info.cc(625)] range at 0xfe9c1000, size 0xf84 fully unreadable
[0416/221502.037:ERROR:process_info.cc(625)] range at 0xfe9be000, size 0xf84 fully unreadable
[0416/221502.103:ERROR:process_reader_win.cc(233)] ReadMemory at 0x4ae3000 of 53248 bytes failed: Only part of a ReadProcessMemory or WriteProcessMemory request was completed. (0x12B)
[0416/221502.103:ERROR:crash_report_exception_handler.cc(111)] WriteEverything failed
[0416/221502.103:ERROR:scoped_process_suspend.cc(38)] NtResumeProcess: An attempt was made to access an exiting process.  (0xc000010a)
[0416/223115.334:ERROR:process_reader_win.cc(142)] SuspendThread: Access is denied. (0x5)
[0416/223115.336:ERROR:exception_snapshot_win.cc(87)] thread ID 8092 not found in process
[0416/223115.336:WARNING:crash_report_exception_handler.cc(60)] ProcessSnapshotWin::Initialize failed
[0416/223530.748:ERROR:process_info.cc(625)] range at 0xfeab9000, size 0x230 fully unreadable
[0416/223530.757:ERROR:process_info.cc(625)] range at 0xfeabf000, size 0xf84 fully unreadable
[0416/223530.758:ERROR:process_info.cc(625)] range at 0xfeabc000, size 0xf84 fully unreadable
[0416/223530.758:ERROR:process_info.cc(625)] range at 0xfeab6000, size 0xf84 fully unreadable
[0416/223530.758:ERROR:process_info.cc(625)] range at 0xfe98c000, size 0xf84 fully unreadable
[0416/223530.758:ERROR:process_info.cc(625)] range at 0xfe989000, size 0xf84 fully unreadable
[0416/223530.758:ERROR:process_info.cc(625)] range at 0xfe986000, size 0xf84 fully unreadable
[0416/223530.758:ERROR:process_info.cc(625)] range at 0xfe98f000, size 0xf84 fully unreadable
[0416/223530.758:ERROR:process_info.cc(625)] range at 0xfe983000, size 0xf84 fully unreadable
[0416/223530.758:ERROR:process_info.cc(625)] range at 0xfe980000, size 0xf84 fully unreadable
[0416/223530.758:ERROR:process_info.cc(625)] range at 0xfe97d000, size 0xf84 fully unreadable
[0416/223530.758:ERROR:process_info.cc(625)] range at 0xfe97a000, size 0xf84 fully unreadable
[0416/223530.758:ERROR:process_info.cc(625)] range at 0xfe977000, size 0xf84 fully unreadable
[0416/223530.758:ERROR:process_info.cc(625)] range at 0xfe974000, size 0xf84 fully unreadable
[0416/223530.758:ERROR:process_info.cc(625)] range at 0xfe971000, size 0xf84 fully unreadable
[0416/223530.758:ERROR:process_info.cc(625)] range at 0xfe96e000, size 0xf84 fully unreadable
[0416/223530.758:ERROR:process_info.cc(625)] range at 0xfe96b000, size 0xf84 fully unreadable
[0416/223530.758:ERROR:process_info.cc(625)] range at 0xfe968000, size 0xf84 fully unreadable
[0416/223530.758:ERROR:process_info.cc(625)] range at 0xfe965000, size 0xf84 fully unreadable
[0416/223530.758:ERROR:process_info.cc(625)] range at 0xfe962000, size 0xf84 fully unreadable
[0416/223530.758:ERROR:process_info.cc(625)] range at 0xfe95f000, size 0xf84 fully unreadable
[0416/223530.758:ERROR:process_info.cc(625)] range at 0xfe95c000, size 0xf84 fully unreadable
[0416/223530.759:ERROR:process_info.cc(625)] range at 0xfe959000, size 0xf84 fully unreadable
[0416/223530.759:ERROR:process_info.cc(625)] range at 0xfe956000, size 0xf84 fully unreadable
[0416/223530.759:ERROR:process_info.cc(625)] range at 0xfe953000, size 0xf84 fully unreadable
[0416/223530.759:ERROR:process_info.cc(625)] range at 0xfe950000, size 0xf84 fully unreadable
[0416/223530.759:ERROR:process_info.cc(625)] range at 0xfe94d000, size 0xf84 fully unreadable
[0416/223530.759:ERROR:process_info.cc(625)] range at 0xfe947000, size 0xf84 fully unreadable
[0416/223530.759:ERROR:process_info.cc(625)] range at 0xfe944000, size 0xf84 fully unreadable
[0416/223530.759:ERROR:process_info.cc(625)] range at 0xfe941000, size 0xf84 fully unreadable
[0416/223530.759:ERROR:process_info.cc(625)] range at 0xfe93e000, size 0xf84 fully unreadable
[0416/223530.759:ERROR:process_info.cc(625)] range at 0xfe93b000, size 0xf84 fully unreadable
[0416/223530.759:ERROR:process_info.cc(625)] range at 0xfe938000, size 0xf84 fully unreadable
[0416/223530.759:ERROR:process_info.cc(625)] range at 0xfe935000, size 0xf84 fully unreadable
[0416/223530.759:ERROR:process_info.cc(625)] range at 0xfe932000, size 0xf84 fully unreadable
[0416/223735.820:ERROR:process_info.cc(625)] range at 0xfedea000, size 0x230 fully unreadable
[0416/223735.853:ERROR:process_info.cc(625)] range at 0xfedef000, size 0xf84 fully unreadable
[0416/223735.853:ERROR:process_info.cc(625)] range at 0xfede9000, size 0xf84 fully unreadable
[0416/223735.853:ERROR:process_info.cc(625)] range at 0xfede5000, size 0xf84 fully unreadable
[0416/223735.853:ERROR:process_info.cc(625)] range at 0xfecbf000, size 0xf84 fully unreadable
[0416/223735.853:ERROR:process_info.cc(625)] range at 0xfecbc000, size 0xf84 fully unreadable
[0416/223735.853:ERROR:process_info.cc(625)] range at 0xfecb9000, size 0xf84 fully unreadable
[0416/223735.853:ERROR:process_info.cc(625)] range at 0xfecb6000, size 0xf84 fully unreadable
[0416/223735.853:ERROR:process_info.cc(625)] range at 0xfecb3000, size 0xf84 fully unreadable
[0416/223735.853:ERROR:process_info.cc(625)] range at 0xfecb0000, size 0xf84 fully unreadable
[0416/223735.853:ERROR:process_info.cc(625)] range at 0xfecad000, size 0xf84 fully unreadable
[0416/223735.853:ERROR:process_info.cc(625)] range at 0xfecaa000, size 0xf84 fully unreadable
[0416/223735.853:ERROR:process_info.cc(625)] range at 0xfeca7000, size 0xf84 fully unreadable
[0416/223735.854:ERROR:process_info.cc(625)] range at 0xfeca4000, size 0xf84 fully unreadable
[0416/223735.854:ERROR:process_info.cc(625)] range at 0xfeca1000, size 0xf84 fully unreadable
[0416/223735.919:ERROR:process_info.cc(389)] NtQuerySystemInformation SystemExtendedHandleInformation: {Not Enough Quota} Not enough virtual memory or paging file quota is available to complete the specified operation.  (0xc0000017)
[0417/015548.388:ERROR:process_reader_win.cc(83)] NtQuerySystemInformation: {Not Enough Quota} Not enough virtual memory or paging file quota is available to complete the specified operation.  (0xc0000017)
[0417/015548.833:ERROR:exception_snapshot_win.cc(87)] thread ID 6424 not found in process
[0417/015548.833:WARNING:crash_report_exception_handler.cc(60)] ProcessSnapshotWin::Initialize failed
